[debug] [2018-03-02T17:23:44.496Z] ----------------------------------------------------------------------
[debug] [2018-03-02T17:23:44.498Z] Command:       /usr/local/bin/node /usr/local/bin/firebase deploy
[debug] [2018-03-02T17:23:44.499Z] CLI Version:   3.17.4
[debug] [2018-03-02T17:23:44.499Z] Platform:      darwin
[debug] [2018-03-02T17:23:44.499Z] Node Version:  v6.4.0
[debug] [2018-03-02T17:23:44.499Z] Time:          Sat Mar 03 2018 02:23:44 GMT+0900 (KST)
[debug] [2018-03-02T17:23:44.500Z] ----------------------------------------------------------------------
[debug] 
[debug] [2018-03-02T17:23:44.512Z] > command requires scopes: ["email","openid","https://www.googleapis.com/auth/cloudplatformprojects.readonly","https://www.googleapis.com/auth/firebase","https://www.googleapis.com/auth/cloud-platform"]
[debug] [2018-03-02T17:23:44.512Z] > authorizing via signed-in user
[debug] [2018-03-02T17:23:44.514Z] > refreshing access token with scopes: ["email","https://www.googleapis.com/auth/cloud-platform","https://www.googleapis.com/auth/cloudplatformprojects.readonly","https://www.googleapis.com/auth/firebase","openid"]
[debug] [2018-03-02T17:23:44.514Z] >>> HTTP REQUEST POST https://www.googleapis.com/oauth2/v3/token  
 { refresh_token: '1/LVl6TRJpwF_4gHU-ZAgAaLV62e6hEj06QDX8se2Svfw',
  client_id: '563584335869-fgrhgmd47bqnekij5i8b5pr03ho849e6.apps.googleusercontent.com',
  client_secret: 'j9iVZfS8kkCEFUPaAeJV0sAi',
  grant_type: 'refresh_token',
  scope: 'email https://www.googleapis.com/auth/cloud-platform https://www.googleapis.com/auth/cloudplatformprojects.readonly https://www.googleapis.com/auth/firebase openid' } 
 Sat Mar 03 2018 02:23:44 GMT+0900 (KST)
[debug] [2018-03-02T17:23:44.837Z] <<< HTTP RESPONSE 200
[debug] [2018-03-02T17:23:44.840Z] >>> HTTP REQUEST GET https://admin.firebase.com/v1/projects/todoapp-131c9  
  
 Sat Mar 03 2018 02:23:44 GMT+0900 (KST)
[debug] [2018-03-02T17:23:46.493Z] <<< HTTP RESPONSE 200
[debug] [2018-03-02T17:23:46.494Z] >>> HTTP REQUEST GET https://admin.firebase.com/v1/database/todoapp-131c9/tokens  
  
 Sat Mar 03 2018 02:23:46 GMT+0900 (KST)
[debug] [2018-03-02T17:24:46.997Z] <<< HTTP RESPONSE 504
[debug] [2018-03-02T17:24:46.998Z] <<< HTTP RESPONSE BODY <html>
<head><title>504 Gateway Time-out</title></head>
<body bgcolor="white">
<center><h1>504 Gateway Time-out</h1></center>
<hr><center>nginx</center>
</body>
</html>

[debug] [2018-03-02T17:24:46.999Z] TypeError: Cannot create property 'error' on string '<html>
<head><title>504 Gateway Time-out</title></head>
<body bgcolor="white">
<center><h1>504 Gateway Time-out</h1></center>
<hr><center>nginx</center>
</body>
</html>
'
    at module.exports (/usr/local/lib/node_modules/firebase-tools/lib/responseToError.js:11:16)
    at Request._callback (/usr/local/lib/node_modules/firebase-tools/lib/api.js:45:25)
    at Request.self.callback (/usr/local/lib/node_modules/firebase-tools/node_modules/request/request.js:186:22)
    at emitTwo (events.js:106:13)
    at Request.emit (events.js:191:7)
    at Request.<anonymous> (/usr/local/lib/node_modules/firebase-tools/node_modules/request/request.js:1163:10)
    at emitOne (events.js:96:13)
    at Request.emit (events.js:188:7)
    at IncomingMessage.<anonymous> (/usr/local/lib/node_modules/firebase-tools/node_modules/request/request.js:1085:12)
    at IncomingMessage.g (events.js:286:16)
[error] 
[error] Error: An unexpected error has occurred.
[debug] [2018-03-02T17:29:52.172Z] ----------------------------------------------------------------------
[debug] [2018-03-02T17:29:52.174Z] Command:       /usr/local/bin/node /usr/local/bin/firebase deploy
[debug] [2018-03-02T17:29:52.174Z] CLI Version:   3.17.4
[debug] [2018-03-02T17:29:52.174Z] Platform:      darwin
[debug] [2018-03-02T17:29:52.174Z] Node Version:  v6.4.0
[debug] [2018-03-02T17:29:52.175Z] Time:          Sat Mar 03 2018 02:29:52 GMT+0900 (KST)
[debug] [2018-03-02T17:29:52.175Z] ----------------------------------------------------------------------
[debug] 
[debug] [2018-03-02T17:29:52.187Z] > command requires scopes: ["email","openid","https://www.googleapis.com/auth/cloudplatformprojects.readonly","https://www.googleapis.com/auth/firebase","https://www.googleapis.com/auth/cloud-platform"]
[debug] [2018-03-02T17:29:52.188Z] > authorizing via signed-in user
[debug] [2018-03-02T17:29:52.190Z] >>> HTTP REQUEST GET https://admin.firebase.com/v1/projects/todoapp-131c9  
  
 Sat Mar 03 2018 02:29:52 GMT+0900 (KST)
[debug] [2018-03-02T17:29:54.202Z] <<< HTTP RESPONSE 200
[debug] [2018-03-02T17:29:54.204Z] >>> HTTP REQUEST GET https://admin.firebase.com/v1/database/todoapp-131c9/tokens  
  
 Sat Mar 03 2018 02:29:54 GMT+0900 (KST)
[debug] [2018-03-02T17:30:54.720Z] <<< HTTP RESPONSE 200
[info] 
[warn] ⚠  Your CLI authentication needs to be updated to take advantage of new features.
[warn] ⚠  Please run firebase login --reauth
[info] 
[debug] [2018-03-02T17:30:54.736Z] > command requires scopes: ["email","openid","https://www.googleapis.com/auth/cloudplatformprojects.readonly","https://www.googleapis.com/auth/firebase"]
[debug] [2018-03-02T17:30:54.737Z] > authorizing via signed-in user
[debug] [2018-03-02T17:30:54.737Z] > refreshing access token with scopes: ["email","https://www.googleapis.com/auth/cloudplatformprojects.readonly","https://www.googleapis.com/auth/firebase","openid"]
[debug] [2018-03-02T17:30:54.737Z] >>> HTTP REQUEST POST https://www.googleapis.com/oauth2/v3/token  
 { refresh_token: '1/LVl6TRJpwF_4gHU-ZAgAaLV62e6hEj06QDX8se2Svfw',
  client_id: '563584335869-fgrhgmd47bqnekij5i8b5pr03ho849e6.apps.googleusercontent.com',
  client_secret: 'j9iVZfS8kkCEFUPaAeJV0sAi',
  grant_type: 'refresh_token',
  scope: 'email https://www.googleapis.com/auth/cloudplatformprojects.readonly https://www.googleapis.com/auth/firebase openid' } 
 Sat Mar 03 2018 02:30:54 GMT+0900 (KST)
[debug] [2018-03-02T17:30:55.011Z] <<< HTTP RESPONSE 200
[debug] [2018-03-02T17:30:55.014Z] >>> HTTP REQUEST GET https://admin.firebase.com/v1/projects/todoapp-131c9  
  
 Sat Mar 03 2018 02:30:55 GMT+0900 (KST)
[debug] [2018-03-02T17:30:55.505Z] <<< HTTP RESPONSE 200
[error] 
[error] Error: Server Error: Unexpected Response. Please try again
[debug] [2018-03-02T17:30:55.744Z] Error Context: {
  "status": 200,
  "response": {
    "statusCode": 200,
    "body": {
      "error": {
        "code": "SERVICE_UNAVAILABLE",
        "message": "This service is currently unavailable. Please try again in a few moments."
      }
    },
    "headers": {
      "server": "nginx",
      "date": "Fri, 02 Mar 2018 17:30:55 GMT",
      "content-type": "application/json",
      "content-length": "147",
      "last-modified": "Wed, 09 Sep 2015 22:17:34 GMT",
      "connection": "close",
      "etag": "\"55f0affe-93\"",
      "access-control-allow-origin": "*",
      "access-control-allow-methods": "GET, PUT, POST, DELETE, OPTIONS",
      "access-control-allow-headers": "*",
      "strict-transport-security": "max-age=31536000; includeSubdomains",
      "cache-control": "no-cache, no-store",
      "accept-ranges": "bytes"
    },
    "request": {
      "uri": {
        "protocol": "https:",
        "slashes": true,
        "auth": null,
        "host": "admin.firebase.com",
        "port": 443,
        "hostname": "admin.firebase.com",
        "hash": null,
        "search": null,
        "query": null,
        "pathname": "/v1/projects/todoapp-131c9",
        "path": "/v1/projects/todoapp-131c9",
        "href": "https://admin.firebase.com/v1/projects/todoapp-131c9"
      },
      "method": "GET",
      "headers": {
        "User-Agent": "FirebaseCLI/3.17.4",
        "X-Client-Version": "FirebaseCLI/3.17.4",
        "authorization": "Bearer ya29.GmRyBYiOUb9efP7A5nBX1Ncn-8lyGDh6W8etyM2SUd1p4LfKF2hF5NJkoXQ21k0H4k--uhgdIGyLsrfigi9musETPG46G-5LCv1WmuLqEycue9VB-wIRUpr8aHUapiePP-eQpche",
        "accept": "application/json"
      }
    }
  },
  "body": {
    "error": {
      "code": "SERVICE_UNAVAILABLE",
      "message": "This service is currently unavailable. Please try again in a few moments."
    }
  }
}
